This is pdfTeX, Version 3.141592653-2.6-1.40.25 (MiKTeX 23.10.12) (preloaded format=pdflatex 2023.11.21)  4 MAR 2024 11:48
entering extended mode
 restricted \write18 enabled.
 file:line:error style messages enabled.
 %&-line parsing enabled.
**"c:/Users/salvo/Documents/LaTex/Progetto IS-M9 Reverse Engineering OWASP/Latex_project/main.tex"
(c:/Users/salvo/Documents/LaTex/Progetto IS-M9 Reverse Engineering OWASP/Latex_project/main.tex
LaTeX2e <2023-11-01>
L3 programming layer <2023-11-09>
(C:\Users\salvo\AppData\Local\Programs\MiKTeX\tex/latex/base\article.cls
Document Class: article 2023/05/17 v1.4n Standard LaTeX document class
(C:\Users\salvo\AppData\Local\Programs\MiKTeX\tex/latex/base\size10.clo
File: size10.clo 2023/05/17 v1.4n Standard LaTeX file (size option)
)
\c@part=\count186
\c@section=\count187
\c@subsection=\count188
\c@subsubsection=\count189
\c@paragraph=\count190
\c@subparagraph=\count191
\c@figure=\count192
\c@table=\count193
\abovecaptionskip=\skip48
\belowcaptionskip=\skip49
\bibindent=\dimen140
) (C:\Users\salvo\AppData\Local\Programs\MiKTeX\tex/generic/babel\babel.sty
Package: babel 2023/11/11 v3.97 The Babel package
\babel@savecnt=\count194
\U@D=\dimen141
\l@unhyphenated=\language79
 (C:\Users\salvo\AppData\Local\Programs\MiKTeX\tex/generic/babel\txtbabel.def)
\bbl@readstream=\read2
\bbl@dirlevel=\count195

*************************************
* Local config file bblopts.cfg used
*
(C:\Users\salvo\AppData\Local\Programs\MiKTeX\tex/latex/arabi\bblopts.cfg
File: bblopts.cfg 2005/09/08 v0.1 add Arabic and Farsi to "declared" options of babel
) (C:\Users\salvo\AppData\Local\Programs\MiKTeX\tex/latex/babel-italian\italian.ldf
Language: italian 2022/03/27 v.1.4.07 Italian support for the babel system
\it@lettering=\count196
\it@doublequoteactive=\count197
\it@ISOcompliance=\count198
)) (C:\Users\salvo\AppData\Local\Programs\MiKTeX\tex/generic/babel/locale/it\babel-italian.tex
Package babel Info: Importing font and identification data for italian
(babel)             from babel-it.ini. Reported on input line 11.
) (C:\Users\salvo\AppData\Local\Programs\MiKTeX\tex/latex/etoolbox\etoolbox.sty
Package: etoolbox 2020/10/05 v2.5k e-TeX tools for LaTeX (JAW)
\etb@tempcnta=\count199
) (C:\Users\salvo\AppData\Local\Programs\MiKTeX\tex/latex/base\inputenc.sty
Package: inputenc 2021/02/14 v1.3d Input encoding file
\inpenc@prehook=\toks17
\inpenc@posthook=\toks18
) (C:\Users\salvo\AppData\Local\Programs\MiKTeX\tex/latex/base\fontenc.sty
Package: fontenc 2021/04/29 v2.0v Standard LaTeX package
) (C:\Users\salvo\AppData\Local\Programs\MiKTeX\tex/latex/graphics\graphicx.sty
Package: graphicx 2021/09/16 v1.2d Enhanced LaTeX Graphics (DPC,SPQR)
 (C:\Users\salvo\AppData\Local\Programs\MiKTeX\tex/latex/graphics\keyval.sty
Package: keyval 2022/05/29 v1.15 key=value parser (DPC)
\KV@toks@=\toks19
) (C:\Users\salvo\AppData\Local\Programs\MiKTeX\tex/latex/graphics\graphics.sty
Package: graphics 2022/03/10 v1.4e Standard LaTeX Graphics (DPC,SPQR)
 (C:\Users\salvo\AppData\Local\Programs\MiKTeX\tex/latex/graphics\trig.sty
Package: trig 2021/08/11 v1.11 sin cos tan (DPC)
) (C:\Users\salvo\AppData\Local\Programs\MiKTeX\tex/latex/graphics-cfg\graphics.cfg
File: graphics.cfg 2016/06/04 v1.11 sample graphics configuration
)
Package graphics Info: Driver file: pdftex.def on input line 107.
 (C:\Users\salvo\AppData\Local\Programs\MiKTeX\tex/latex/graphics-def\pdftex.def
File: pdftex.def 2022/09/22 v1.2b Graphics/color driver for pdftex
))
\Gin@req@height=\dimen142
\Gin@req@width=\dimen143
) (C:\Users\salvo\AppData\Local\Programs\MiKTeX\tex/latex/caption\caption.sty
Package: caption 2023/08/05 v3.6o Customizing captions (AR)
 (C:\Users\salvo\AppData\Local\Programs\MiKTeX\tex/latex/caption\caption3.sty
Package: caption3 2023/07/31 v2.4d caption3 kernel (AR)
\caption@tempdima=\dimen144
\captionmargin=\dimen145
\caption@leftmargin=\dimen146
\caption@rightmargin=\dimen147
\caption@width=\dimen148
\caption@indent=\dimen149
\caption@parindent=\dimen150
\caption@hangindent=\dimen151
Package caption Info: Standard document class detected.
)
\c@caption@flags=\count266
\c@continuedfloat=\count267
) (C:\Users\salvo\AppData\Local\Programs\MiKTeX\tex/latex/hyperref\hyperref.sty
Package: hyperref 2023-11-09 v7.01f Hypertext links for LaTeX
 (C:\Users\salvo\AppData\Local\Programs\MiKTeX\tex/generic/ltxcmds\ltxcmds.sty
Package: ltxcmds 2020-05-10 v1.25 LaTeX kernel commands for general use (HO)
) (C:\Users\salvo\AppData\Local\Programs\MiKTeX\tex/generic/iftex\iftex.sty
Package: iftex 2022/02/03 v1.0f TeX engine tests
) (C:\Users\salvo\AppData\Local\Programs\MiKTeX\tex/generic/pdftexcmds\pdftexcmds.sty
Package: pdftexcmds 2020-06-27 v0.33 Utility functions of pdfTeX for LuaTeX (HO)
 (C:\Users\salvo\AppData\Local\Programs\MiKTeX\tex/generic/infwarerr\infwarerr.sty
Package: infwarerr 2019/12/03 v1.5 Providing info/warning/error messages (HO)
)
Package pdftexcmds Info: \pdf@primitive is available.
Package pdftexcmds Info: \pdf@ifprimitive is available.
Package pdftexcmds Info: \pdfdraftmode found.
) (C:\Users\salvo\AppData\Local\Programs\MiKTeX\tex/latex/kvsetkeys\kvsetkeys.sty
Package: kvsetkeys 2022-10-05 v1.19 Key value parser (HO)
) (C:\Users\salvo\AppData\Local\Programs\MiKTeX\tex/generic/kvdefinekeys\kvdefinekeys.sty
Package: kvdefinekeys 2019-12-19 v1.6 Define keys (HO)
) (C:\Users\salvo\AppData\Local\Programs\MiKTeX\tex/generic/pdfescape\pdfescape.sty
Package: pdfescape 2019/12/09 v1.15 Implements pdfTeX's escape features (HO)
) (C:\Users\salvo\AppData\Local\Programs\MiKTeX\tex/latex/hycolor\hycolor.sty
Package: hycolor 2020-01-27 v1.10 Color options for hyperref/bookmark (HO)
) (C:\Users\salvo\AppData\Local\Programs\MiKTeX\tex/latex/letltxmacro\letltxmacro.sty
Package: letltxmacro 2019/12/03 v1.6 Let assignment for LaTeX macros (HO)
) (C:\Users\salvo\AppData\Local\Programs\MiKTeX\tex/latex/auxhook\auxhook.sty
Package: auxhook 2019-12-17 v1.6 Hooks for auxiliary files (HO)
) (C:\Users\salvo\AppData\Local\Programs\MiKTeX\tex/latex/hyperref\nameref.sty
Package: nameref 2023-11-09 v2.55 Cross-referencing by name of section
 (C:\Users\salvo\AppData\Local\Programs\MiKTeX\tex/latex/refcount\refcount.sty
Package: refcount 2019/12/15 v3.6 Data extraction from label references (HO)
) (C:\Users\salvo\AppData\Local\Programs\MiKTeX\tex/generic/gettitlestring\gettitlestring.sty
Package: gettitlestring 2019/12/15 v1.6 Cleanup title references (HO)
 (C:\Users\salvo\AppData\Local\Programs\MiKTeX\tex/latex/kvoptions\kvoptions.sty
Package: kvoptions 2022-06-15 v3.15 Key value format for package options (HO)
))
\c@section@level=\count268
)
\@linkdim=\dimen152
\Hy@linkcounter=\count269
\Hy@pagecounter=\count270
 (C:\Users\salvo\AppData\Local\Programs\MiKTeX\tex/latex/hyperref\pd1enc.def
File: pd1enc.def 2023-11-09 v7.01f Hyperref: PDFDocEncoding definition (HO)
Now handling font encoding PD1 ...
... no UTF-8 mapping file for font encoding PD1
) (C:\Users\salvo\AppData\Local\Programs\MiKTeX\tex/generic/intcalc\intcalc.sty
Package: intcalc 2019/12/15 v1.3 Expandable calculations with integers (HO)
)
\Hy@SavedSpaceFactor=\count271
 (C:\Users\salvo\AppData\Local\Programs\MiKTeX\tex/latex/hyperref\puenc.def
File: puenc.def 2023-11-09 v7.01f Hyperref: PDF Unicode definition (HO)
Now handling font encoding PU ...
... no UTF-8 mapping file for font encoding PU
)
Package hyperref Info: Hyper figures OFF on input line 4171.
Package hyperref Info: Link nesting OFF on input line 4176.
Package hyperref Info: Hyper index ON on input line 4179.
Package hyperref Info: Plain pages OFF on input line 4186.
Package hyperref Info: Backreferencing OFF on input line 4191.
Package hyperref Info: Implicit mode ON; LaTeX internals redefined.
Package hyperref Info: Bookmarks ON on input line 4438.
\c@Hy@tempcnt=\count272
 (C:\Users\salvo\AppData\Local\Programs\MiKTeX\tex/latex/url\url.sty
\Urlmuskip=\muskip16
Package: url 2013/09/16  ver 3.4  Verb mode for urls, etc.
)
LaTeX Info: Redefining \url on input line 4776.
\XeTeXLinkMargin=\dimen153
 (C:\Users\salvo\AppData\Local\Programs\MiKTeX\tex/generic/bitset\bitset.sty
Package: bitset 2019/12/09 v1.3 Handle bit-vector datatype (HO)
 (C:\Users\salvo\AppData\Local\Programs\MiKTeX\tex/generic/bigintcalc\bigintcalc.sty
Package: bigintcalc 2019/12/15 v1.5 Expandable calculations on big integers (HO)
))
\Fld@menulength=\count273
\Field@Width=\dimen154
\Fld@charsize=\dimen155
Package hyperref Info: Hyper figures OFF on input line 6055.
Package hyperref Info: Link nesting OFF on input line 6060.
Package hyperref Info: Hyper index ON on input line 6063.
Package hyperref Info: backreferencing OFF on input line 6070.
Package hyperref Info: Link coloring OFF on input line 6075.
Package hyperref Info: Link coloring with OCG OFF on input line 6080.
Package hyperref Info: PDF/A mode OFF on input line 6085.
 (C:\Users\salvo\AppData\Local\Programs\MiKTeX\tex/latex/base\atbegshi-ltx.sty
Package: atbegshi-ltx 2021/01/10 v1.0c Emulation of the original atbegshi
package with kernel methods
)
\Hy@abspage=\count274
\c@Item=\count275
\c@Hfootnote=\count276
)
Package hyperref Info: Driver (autodetected): hpdftex.
 (C:\Users\salvo\AppData\Local\Programs\MiKTeX\tex/latex/hyperref\hpdftex.def
File: hpdftex.def 2023-11-09 v7.01f Hyperref driver for pdfTeX
 (C:\Users\salvo\AppData\Local\Programs\MiKTeX\tex/latex/base\atveryend-ltx.sty
Package: atveryend-ltx 2020/08/19 v1.0a Emulation of the original atveryend package
with kernel methods
)
\Fld@listcount=\count277
\c@bookmark@seq@number=\count278
 (C:\Users\salvo\AppData\Local\Programs\MiKTeX\tex/latex/rerunfilecheck\rerunfilecheck.sty
Package: rerunfilecheck 2022-07-10 v1.10 Rerun checks for auxiliary files (HO)
 (C:\Users\salvo\AppData\Local\Programs\MiKTeX\tex/generic/uniquecounter\uniquecounter.sty
Package: uniquecounter 2019/12/15 v1.4 Provide unlimited unique counter (HO)
)
Package uniquecounter Info: New unique counter `rerunfilecheck' on input line 285.
)
\Hy@SectionHShift=\skip50
) (C:\Users\salvo\AppData\Local\Programs\MiKTeX\tex/latex/titlesec\titlesec.sty
Package: titlesec 2023/10/27 v2.16 Sectioning titles
\ttl@box=\box51
\beforetitleunit=\skip51
\aftertitleunit=\skip52
\ttl@plus=\dimen156
\ttl@minus=\dimen157
\ttl@toksa=\toks20
\titlewidth=\dimen158
\titlewidthlast=\dimen159
\titlewidthfirst=\dimen160
) (C:\Users\salvo\AppData\Local\Programs\MiKTeX\tex/latex/bigfoot\perpage.sty
Package: perpage 2014/10/25 2.0 Reset/sort counters per page
\c@abspage=\count279
)
\c@pp@a@footnote=\count280
 (C:\Users\salvo\AppData\Local\Programs\MiKTeX\tex/latex/listings\listings.sty
\lst@mode=\count281
\lst@gtempboxa=\box52
\lst@token=\toks21
\lst@length=\count282
\lst@currlwidth=\dimen161
\lst@column=\count283
\lst@pos=\count284
\lst@lostspace=\dimen162
\lst@width=\dimen163
\lst@newlines=\count285
\lst@lineno=\count286
\lst@maxwidth=\dimen164
 (C:\Users\salvo\AppData\Local\Programs\MiKTeX\tex/latex/listings\lstmisc.sty
File: lstmisc.sty 2023/02/27 1.9 (Carsten Heinz)
\c@lstnumber=\count287
\lst@skipnumbers=\count288
\lst@framebox=\box53
) (C:\Users\salvo\AppData\Local\Programs\MiKTeX\tex/latex/listings\listings.cfg
File: listings.cfg 2023/02/27 1.9 listings configuration
))
Package: listings 2023/02/27 1.9 (Carsten Heinz)
 (C:\Users\salvo\AppData\Local\Programs\MiKTeX\tex/latex/graphics\color.sty
Package: color 2022/01/06 v1.3d Standard LaTeX Color (DPC)
 (C:\Users\salvo\AppData\Local\Programs\MiKTeX\tex/latex/graphics-cfg\color.cfg
File: color.cfg 2016/01/02 v1.6 sample color configuration
)
Package color Info: Driver file: pdftex.def on input line 149.
 (C:\Users\salvo\AppData\Local\Programs\MiKTeX\tex/latex/graphics\mathcolor.ltx)) (C:\Users\salvo\AppData\Local\Programs\MiKTeX\tex/latex/l3backend\l3backend-pdftex.def
File: l3backend-pdftex.def 2023-11-09 L3 backend support: PDF output (pdfTeX)
\l__color_backend_stack_int=\count289
\l__pdf_internal_box=\box54
) (main.aux)
\openout1 = `main.aux'.

LaTeX Font Info:    Checking defaults for OML/cmm/m/it on input line 30.
LaTeX Font Info:    ... okay on input line 30.
LaTeX Font Info:    Checking defaults for OMS/cmsy/m/n on input line 30.
LaTeX Font Info:    ... okay on input line 30.
LaTeX Font Info:    Checking defaults for OT1/cmr/m/n on input line 30.
LaTeX Font Info:    ... okay on input line 30.
LaTeX Font Info:    Checking defaults for T1/cmr/m/n on input line 30.
LaTeX Font Info:    ... okay on input line 30.
LaTeX Font Info:    Checking defaults for TS1/cmr/m/n on input line 30.
LaTeX Font Info:    ... okay on input line 30.
LaTeX Font Info:    Checking defaults for OMX/cmex/m/n on input line 30.
LaTeX Font Info:    ... okay on input line 30.
LaTeX Font Info:    Checking defaults for U/cmr/m/n on input line 30.
LaTeX Font Info:    ... okay on input line 30.
LaTeX Font Info:    Checking defaults for PD1/pdf/m/n on input line 30.
LaTeX Font Info:    ... okay on input line 30.
LaTeX Font Info:    Checking defaults for PU/pdf/m/n on input line 30.
LaTeX Font Info:    ... okay on input line 30.
LaTeX Info: Redefining \it@ocap on input line 30.
LaTeX Info: Redefining \it@ccap on input line 30.
 (C:\Users\salvo\AppData\Local\Programs\MiKTeX\tex/context/base/mkii\supp-pdf.mkii
[Loading MPS to PDF converter (version 2006.09.02).]
\scratchcounter=\count290
\scratchdimen=\dimen165
\scratchbox=\box55
\nofMPsegments=\count291
\nofMParguments=\count292
\everyMPshowfont=\toks22
\MPscratchCnt=\count293
\MPscratchDim=\dimen166
\MPnumerator=\count294
\makeMPintoPDFobject=\count295
\everyMPtoPDFconversion=\toks23
) (C:\Users\salvo\AppData\Local\Programs\MiKTeX\tex/latex/epstopdf-pkg\epstopdf-base.sty
Package: epstopdf-base 2020-01-24 v2.11 Base part for package epstopdf
Package epstopdf-base Info: Redefining graphics rule for `.eps' on input line 485.
 (C:\Users\salvo\AppData\Local\Programs\MiKTeX\tex/latex/00miktex\epstopdf-sys.cfg
File: epstopdf-sys.cfg 2021/03/18 v2.0 Configuration of epstopdf for MiKTeX
))
Package caption Info: Begin \AtBeginDocument code.
Package caption Info: hyperref package is loaded.
Package caption Info: listings package is loaded.
Package caption Info: End \AtBeginDocument code.
Package hyperref Info: Link coloring OFF on input line 30.
 (main.out) (main.out)
\@outlinefile=\write3
\openout3 = `main.out'.

\c@lstlisting=\count296
LaTeX Font Info:    External font `cmex10' loaded for size
(Font)              <12> on input line 37.
LaTeX Font Info:    External font `cmex10' loaded for size
(Font)              <8> on input line 37.
LaTeX Font Info:    External font `cmex10' loaded for size
(Font)              <6> on input line 37.
 [1

{C:/Users/salvo/AppData/Local/MiKTeX/fonts/map/pdftex/pdftex.map}] (main.toc
LaTeX Font Info:    External font `cmex10' loaded for size
(Font)              <7> on input line 4.
LaTeX Font Info:    External font `cmex10' loaded for size
(Font)              <5> on input line 4.
)
\tf@toc=\write4
\openout4 = `main.toc'.

 [2] [3] [4]
LaTeX Font Info:    Trying to load font information for T1+cmtt on input line 137.
 (C:\Users\salvo\AppData\Local\Programs\MiKTeX\tex/latex/base\t1cmtt.fd
File: t1cmtt.fd 2023/04/13 v2.5m Standard LaTeX font definitions
) [5] [6]
<./images/./controlFlow.png, id=202, 235.6002pt x 172.4844pt>
File: ./images/./controlFlow.png Graphic file (type png)
<use ./images/./controlFlow.png>
Package pdftex.def Info: ./images/./controlFlow.png  used on input line 194.
(pdftex.def)             Requested size: 276.00105pt x 202.06648pt.
 [7 <./images/./controlFlow.png>] [8]
<./images/./insecureshop/andStudDevice.png, id=246, 188.8656pt x 154.176pt>
File: ./images/./insecureshop/andStudDevice.png Graphic file (type png)
<use ./images/./insecureshop/andStudDevice.png>
Package pdftex.def Info: ./images/./insecureshop/andStudDevice.png  used on input line 230.
(pdftex.def)             Requested size: 172.5pt x 140.82027pt.
<./images/./insecureshop/avvioADV.png, id=248, 189.5883pt x 154.4169pt>
File: ./images/./insecureshop/avvioADV.png Graphic file (type png)
<use ./images/./insecureshop/avvioADV.png>
Package pdftex.def Info: ./images/./insecureshop/avvioADV.png  used on input line 241.
(pdftex.def)             Requested size: 172.5pt x 140.50543pt.
 [9 <./images/./insecureshop/andStudDevice.png> <./images/./insecureshop/avvioADV.png>]
<./images/./insecureshop/adbInstUse.png, id=260, 195.129pt x 39.5076pt>
File: ./images/./insecureshop/adbInstUse.png Graphic file (type png)
<use ./images/./insecureshop/adbInstUse.png>
Package pdftex.def Info: ./images/./insecureshop/adbInstUse.png  used on input line 257.
(pdftex.def)             Requested size: 276.00105pt x 55.88234pt.
<./images/./insecureshop/InsecureShopAvvio.png, id=261, 77.5698pt x 124.5453pt>
File: ./images/./insecureshop/InsecureShopAvvio.png Graphic file (type png)
<use ./images/./insecureshop/InsecureShopAvvio.png>
Package pdftex.def Info: ./images/./insecureshop/InsecureShopAvvio.png  used on input line 264.
(pdftex.def)             Requested size: 103.50105pt x 166.19426pt.
<./images/./insecureshop/apklaboption.png, id=262, 181.1568pt x 95.3964pt>
File: ./images/./insecureshop/apklaboption.png Graphic file (type png)
<use ./images/./insecureshop/apklaboption.png>
Package pdftex.def Info: ./images/./insecureshop/apklaboption.png  used on input line 280.
(pdftex.def)             Requested size: 276.00105pt x 145.34023pt.
 [10 <./images/./insecureshop/adbInstUse.png> <./images/./insecureshop/InsecureShopAvvio.png>]
<./images/./insecureshop/OutputApkLab.png, id=273, 254.6313pt x 116.8365pt>
File: ./images/./insecureshop/OutputApkLab.png Graphic file (type png)
<use ./images/./insecureshop/OutputApkLab.png>
Package pdftex.def Info: ./images/./insecureshop/OutputApkLab.png  used on input line 296.
(pdftex.def)             Requested size: 345.0pt x 158.30365pt.
<./images/./insecureshop/esploraRis.png, id=274, 86.724pt x 62.1522pt>
File: ./images/./insecureshop/esploraRis.png Graphic file (type png)
<use ./images/./insecureshop/esploraRis.png>
Package pdftex.def Info: ./images/./insecureshop/esploraRis.png  used on input line 304.
(pdftex.def)             Requested size: 172.5pt x 123.63168pt.
 [11 <./images/./insecureshop/apklaboption.png> <./images/./insecureshop/OutputApkLab.png>] (C:\Users\salvo\AppData\Local\Programs\MiKTeX\tex/latex/listings\lstlang1.sty
File: lstlang1.sty 2023/02/27 1.9 listings language file
) [12 <./images/./insecureshop/esploraRis.png>]
<./images/./insecureshop/logIn.png, id=304, 201.3924pt x 161.403pt>
File: ./images/./insecureshop/logIn.png Graphic file (type png)
<use ./images/./insecureshop/logIn.png>
Package pdftex.def Info: ./images/./insecureshop/logIn.png  used on input line 377.
(pdftex.def)             Requested size: 172.5pt x 138.24727pt.
 [13]
Overfull \hbox (1.4154pt too wide) in paragraph at lines 413--413
[]        \T1/cmtt/m/n/10 <category android:name="android.intent.category.DEFAULT"/>[] 
 []


Overfull \hbox (11.91284pt too wide) in paragraph at lines 413--413
[]        \T1/cmtt/m/n/10 <category android:name="android.intent.category.BROWSABLE"/>[] 
 []

[14 <./images/./insecureshop/logIn.png>]
Overfull \hbox (1.4154pt too wide) in paragraph at lines 435--435
[]        \T1/cmtt/m/n/10 https://en.wikipedia.org/wiki/Verification_and_validation"[] 
 []

<./images/./insecureshop/URIOutput.png, id=349, 288.5982pt x 146.949pt>
File: ./images/./insecureshop/URIOutput.png Graphic file (type png)
<use ./images/./insecureshop/URIOutput.png>
Package pdftex.def Info: ./images/./insecureshop/URIOutput.png  used on input line 441.
(pdftex.def)             Requested size: 276.00105pt x 140.53577pt.
[15 <./images/./insecureshop/URIOutput.png>]
File: ./images/./insecureshop/andStudDevice.png Graphic file (type png)
<use ./images/./insecureshop/andStudDevice.png>
Package pdftex.def Info: ./images/./insecureshop/andStudDevice.png  used on input line 482.
(pdftex.def)             Requested size: 207.0021pt x 168.98479pt.
 [16]
<./images/./uncrackable1/avvioApp+Test.png, id=375, 130.086pt x 125.7498pt>
File: ./images/./uncrackable1/avvioApp+Test.png Graphic file (type png)
<use ./images/./uncrackable1/avvioApp+Test.png>
Package pdftex.def Info: ./images/./uncrackable1/avvioApp+Test.png  used on input line 503.
(pdftex.def)             Requested size: 172.5pt x 166.75966pt.
 [17]
<./images/./uncrackable1/apklabDirGen.png, id=382, 39.9894pt x 44.8074pt>
File: ./images/./uncrackable1/apklabDirGen.png Graphic file (type png)
<use ./images/./uncrackable1/apklabDirGen.png>
Package pdftex.def Info: ./images/./uncrackable1/apklabDirGen.png  used on input line 516.
(pdftex.def)             Requested size: 103.50105pt x 115.98505pt.
 [18 <./images/./uncrackable1/avvioApp+Test.png> <./images/./uncrackable1/apklabDirGen.png>]
Overfull \hbox (6.66412pt too wide) in paragraph at lines 530--530
[]          \T1/cmtt/m/n/10 android:name="sg.vantagepoint.uncrackable1.MainActivity">[] 
 []


Overfull \hbox (139.63817pt too wide) in paragraph at lines 531--534
\T1/cmr/m/n/10 essa ci in-di-ca la clas-se prin-ci-pa-le \T1/cmr/m/it/10 Mai-nAc-ti-vi-ty \T1/cmr/m/n/10 che si tro-va al per-cor-so \T1/cmr/m/it/10 sg.vantagepoint.uncrackable1.MainActivity\T1/cmr/m/n/10 ,
 []

[19]
<./images/./uncrackable1/smaliDir.png, id=420, 53.4798pt x 87.2058pt>
File: ./images/./uncrackable1/smaliDir.png Graphic file (type png)
<use ./images/./uncrackable1/smaliDir.png>
Package pdftex.def Info: ./images/./uncrackable1/smaliDir.png  used on input line 586.
(pdftex.def)             Requested size: 103.50105pt x 168.78114pt.
<./images/./uncrackable1/OnCreateSmali.png, id=421, 198.2607pt x 204.765pt>
File: ./images/./uncrackable1/OnCreateSmali.png Graphic file (type png)
<use ./images/./uncrackable1/OnCreateSmali.png>
Package pdftex.def Info: ./images/./uncrackable1/OnCreateSmali.png  used on input line 596.
(pdftex.def)             Requested size: 258.75pt x 267.2505pt.


LaTeX Warning: `h' float specifier changed to `ht'.

[20 <./images/./uncrackable1/smaliDir.png>] [21 <./images/./uncrackable1/OnCreateSmali.png>] [22] [23] [24]
<./images/./uncrackable1/appAndStud.png, id=493, 329.0694pt x 177.7842pt>
File: ./images/./uncrackable1/appAndStud.png Graphic file (type png)
<use ./images/./uncrackable1/appAndStud.png>
Package pdftex.def Info: ./images/./uncrackable1/appAndStud.png  used on input line 786.
(pdftex.def)             Requested size: 276.00105pt x 149.11523pt.
 [25 <./images/./uncrackable1/appAndStud.png>] [26]
<./images/./uncrackable1/soluzione.png, id=545, 230.7822pt x 8.6724pt>
File: ./images/./uncrackable1/soluzione.png Graphic file (type png)
<use ./images/./uncrackable1/soluzione.png>
Package pdftex.def Info: ./images/./uncrackable1/soluzione.png  used on input line 855.
(pdftex.def)             Requested size: 345.0pt x 12.96448pt.
<./images/./uncrackable1/rebuild.png, id=546, 88.6512pt x 78.5334pt>
File: ./images/./uncrackable1/rebuild.png Graphic file (type png)
<use ./images/./uncrackable1/rebuild.png>
Package pdftex.def Info: ./images/./uncrackable1/rebuild.png  used on input line 871.
(pdftex.def)             Requested size: 137.9979pt x 122.26234pt.
 [27 <./images/./uncrackable1/soluzione.png>]
<./images/./uncrackable1/NewDev.png, id=560, 194.4063pt x 42.3984pt>
File: ./images/./uncrackable1/NewDev.png Graphic file (type png)
<use ./images/./uncrackable1/NewDev.png>
Package pdftex.def Info: ./images/./uncrackable1/NewDev.png  used on input line 892.
(pdftex.def)             Requested size: 276.00105pt x 60.2029pt.
<./images/./uncrackable1/Tiramisu.png, id=561, 240.9pt x 148.8762pt>
File: ./images/./uncrackable1/Tiramisu.png Graphic file (type png)
<use ./images/./uncrackable1/Tiramisu.png>
Package pdftex.def Info: ./images/./uncrackable1/Tiramisu.png  used on input line 908.
(pdftex.def)             Requested size: 276.00105pt x 170.58386pt.
 [28 <./images/./uncrackable1/rebuild.png> <./images/./uncrackable1/NewDev.png>]
<./images/./uncrackable1/primoTestRoot.png, id=570, 77.088pt x 162.8484pt>
File: ./images/./uncrackable1/primoTestRoot.png Graphic file (type png)
<use ./images/./uncrackable1/primoTestRoot.png>
Package pdftex.def Info: ./images/./uncrackable1/primoTestRoot.png  used on input line 918.
(pdftex.def)             Requested size: 86.25pt x 182.20508pt.
<./images/./uncrackable1/modded.png, id=571, 154.6578pt x 162.3666pt>
File: ./images/./uncrackable1/modded.png Graphic file (type png)
<use ./images/./uncrackable1/modded.png>
Package pdftex.def Info: ./images/./uncrackable1/modded.png  used on input line 932.
(pdftex.def)             Requested size: 155.24895pt x 162.98804pt.


LaTeX Warning: `h' float specifier changed to `ht'.

[29 <./images/./uncrackable1/Tiramisu.png> <./images/./uncrackable1/primoTestRoot.png>] [30 <./images/./uncrackable1/modded.png>]
Underfull \hbox (badness 10000) in paragraph at lines 971--972
[]\T1/cmr/m/n/10 Wikipedia. \T1/cmr/m/it/10 Re-ver-se En-gi-nee-ring []$\T1/cmtt/m/n/10 https : / / en . wikipedia . org / wiki /
 []


Underfull \hbox (badness 10000) in paragraph at lines 972--973
[]\T1/cmr/m/n/10 Wikipedia. \T1/cmr/m/it/10 Ap-pli-ca-zio-ne Web []$\T1/cmtt/m/n/10 https : / / it . wikipedia . org / wiki /
 []


Underfull \hbox (badness 4060) in paragraph at lines 973--974
[]\T1/cmr/m/n/10 OWASP, Ot-to-bre 2023. \T1/cmr/m/it/10 Mo-bi-le Ap-pli-ca-tion Se-cu-ri-ty Te-sting Gui-de
 []


Underfull \hbox (badness 1642) in paragraph at lines 974--975
[]\T1/cmr/m/n/10 OWASP. \T1/cmr/m/it/10 Mo-bi-le Ap-pli-ca-tion Se-cu-ri-ty Ve-ri-fi-ca-tion Stan-dard (MA-SVS)
 []


Underfull \hbox (badness 10000) in paragraph at lines 975--976
[]\T1/cmr/m/n/10 TechTarget. \T1/cmr/m/it/10 Re-ver-se En-gi-nee-ring []$\T1/cmtt/m/n/10 https : / / www . techtarget . com /
 []


Underfull \hbox (badness 5954) in paragraph at lines 976--977
[]\T1/cmr/m/n/10 OWASP. 2016. \T1/cmr/m/it/10 Mo-bi-le Top 10\T1/cmr/m/n/10 . Estrat-to da []$\T1/cmtt/m/n/10 https : / / owasp . org /
 []


Underfull \hbox (badness 10000) in paragraph at lines 977--978
[]\T1/cmr/m/n/10 OWASP. \T1/cmr/m/it/10 Mo-bi-le Top 10\T1/cmr/m/n/10 . Estrat-to da []$\T1/cmtt/m/n/10 https : / / owasp . org /
 []


Underfull \hbox (badness 10000) in paragraph at lines 978--979
[]\T1/cmr/m/n/10 Wikipedia. \T1/cmr/m/it/10 As-sem-bly Lan-gua-ge []$\T1/cmtt/m/n/10 https : / / en . wikipedia . org / wiki /
 []

[31]
Underfull \hbox (badness 10000) in paragraph at lines 979--980
[]\T1/cmr/m/n/10 Just Mo-bi-le Se-cu-ri-ty, Lu-glio 2023. \T1/cmr/m/it/10 An-droid Sta-tic Ana-
 []


Underfull \hbox (badness 10000) in paragraph at lines 979--980
\T1/cmr/m/it/10 ly-sis Fun-da-men-tals: Sma-li Co-de In-tro-duc-tion and Mo-
 []


Underfull \hbox (badness 10000) in paragraph at lines 979--980
\T1/cmr/m/it/10 di-fi-ca-tions\T1/cmr/m/n/10 . Lin-ke-dIn []$\T1/cmtt/m/n/10 https : / / www . linkedin . com / pulse /
 []


Underfull \hbox (badness 10000) in paragraph at lines 980--981
\T1/cmtt/m/n/10 android . com / training / app-[]links / verify-[]android-[]applinks ? hl = it #
 []


Underfull \hbox (badness 1210) in paragraph at lines 981--982
\T1/cmr/m/it/10 Sto-re []$\T1/cmtt/m/n/10 https : / / www . edatlas . it / scarica / Informatica / prosia _ 5 _ 2019 /
 []


Underfull \hbox (badness 10000) in paragraph at lines 984--985
[]\T1/cmr/m/n/10 SDK Plat-form Tools. []$\T1/cmtt/m/n/10 https : / / developer . android . com / tools /
 []


Underfull \hbox (badness 10000) in paragraph at lines 989--990
[]\T1/cmr/m/n/10 InsecureShop.apk , An-droid. []$\T1/cmtt/m/n/10 https : / / github . com / hax0rgb /
 []

[32] (main.aux)
 ***********
LaTeX2e <2023-11-01>
L3 programming layer <2023-11-09>
 ***********
Package rerunfilecheck Info: File `main.out' has not changed.
(rerunfilecheck)             Checksum: 9128CFFD043F7438664BA06E82752889;4732.
 ) 
Here is how much of TeX's memory you used:
 13845 strings out of 474586
 225133 string characters out of 5745672
 2094558 words of memory out of 5000000
 35596 multiletter control sequences out of 15000+600000
 574997 words of font info for 66 fonts, out of 8000000 for 9000
 1141 hyphenation exceptions out of 8191
 75i,8n,79p,552b,2107s stack positions out of 10000i,1000n,20000p,200000b,200000s
 <C:\Users\salvo\AppData\Local\MiKTeX\fonts/pk/ljfour/jknappen/ec/dpi600\ectt0900.pk> <C:\Users\salvo\AppData\Local\MiKTeX\fonts/pk/ljfour/jknappen/ec/dpi600\ecrm0500.pk> <C:\Users\salvo\AppData\Local\MiKTeX\fonts/pk/ljfour/jknappen/ec/dpi600\ectt1000.pk> <C:\Users\salvo\AppData\Local\MiKTeX\fonts/pk/ljfour/jknappen/ec/dpi600\ectt0800.pk> <C:\Users\salvo\AppData\Local\MiKTeX\fonts/pk/ljfour/jknappen/ec/dpi600\ecti0800.pk> <C:\Users\salvo\AppData\Local\MiKTeX\fonts/pk/ljfour/jknappen/ec/dpi600\tcrm1000.pk> <C:\Users\salvo\AppData\Local\MiKTeX\fonts/pk/ljfour/jknappen/ec/dpi600\ecrm0800.pk> <C:\Users\salvo\AppData\Local\MiKTeX\fonts/pk/ljfour/jknappen/ec/dpi600\ecrm0600.pk> <C:\Users\salvo\AppData\Local\MiKTeX\fonts/pk/ljfour/jknappen/ec/dpi600\ecrm0700.pk> <C:\Users\salvo\AppData\Local\MiKTeX\fonts/pk/ljfour/jknappen/ec/dpi600\ecti1000.pk> <C:\Users\salvo\AppData\Local\MiKTeX\fonts/pk/ljfour/jknappen/ec/dpi600\ecbx1200.pk> <C:\Users\salvo\AppData\Local\MiKTeX\fonts/pk/ljfour/jknappen/ec/dpi600\ecbx1000.pk> <C:\Users\salvo\AppData\Local\MiKTeX\fonts/pk/ljfour/jknappen/ec/dpi600\ecbx1440.pk> <C:\Users\salvo\AppData\Local\MiKTeX\fonts/pk/ljfour/jknappen/ec/dpi600\ecrm1000.pk> <C:\Users\salvo\AppData\Local\MiKTeX\fonts/pk/ljfour/jknappen/ec/dpi600\ecrm0900.pk> <C:\Users\salvo\AppData\Local\MiKTeX\fonts/pk/ljfour/jknappen/ec/dpi600\ecbx0900.pk> <C:\Users\salvo\AppData\Local\MiKTeX\fonts/pk/ljfour/jknappen/ec/dpi600\ecrm1200.pk> <C:\Users\salvo\AppData\Local\MiKTeX\fonts/pk/ljfour/jknappen/ec/dpi600\ecrm1728.pk> <C:\Users\salvo\AppData\Local\MiKTeX\fonts/pk/ljfour/jknappen/ec/dpi600\ecbx2488.pk><C:/Users/salvo/AppData/Local/Programs/MiKTeX/fonts/type1/public/amsfonts/cm/cmr10.pfb><C:/Users/salvo/AppData/Local/Programs/MiKTeX/fonts/type1/public/amsfonts/cm/cmsy10.pfb>
Output written on main.pdf (32 pages, 1322993 bytes).
PDF statistics:
 1459 PDF objects out of 1728 (max. 8388607)
 280 named destinations out of 1000 (max. 500000)
 274 words of extra memory for PDF output out of 10000 (max. 10000000)

